\BOOKMARK [1][-]{section.1}{\376\377\000A\000n\000a\000l\000y\000s\000i\000s}{}% 1
\BOOKMARK [2][-]{subsection.1.1}{\376\377\000G\000l\000e\000i\000c\000h\000u\000n\000g\000e\000n\000\040\000u\000n\000d\000\040\000G\000l\000e\000i\000c\000h\000u\000n\000g\000s\000s\000y\000s\000t\000e\000m\000e}{section.1}% 2
\BOOKMARK [2][-]{subsection.1.2}{\376\377\000D\000i\000f\000f\000e\000r\000e\000n\000z\000i\000a\000l\000r\000e\000c\000h\000n\000u\000n\000g}{section.1}% 3
\BOOKMARK [2][-]{subsection.1.3}{\376\377\000A\000b\000l\000e\000i\000t\000u\000n\000g\000s\000r\000e\000g\000e\000l\000n\000\040\000u\000n\000d\000\040\000A\000b\000l\000e\000i\000t\000u\000n\000g\000s\000b\000e\000g\000r\000i\000f\000f}{section.1}% 4
\BOOKMARK [2][-]{subsection.1.4}{\376\377\000I\000n\000t\000e\000g\000r\000a\000l\000r\000e\000c\000h\000n\000u\000n\000g}{section.1}% 5
\BOOKMARK [2][-]{subsection.1.5}{\376\377\000G\000r\000e\000n\000z\000w\000e\000r\000t\000e}{section.1}% 6
\BOOKMARK [2][-]{subsection.1.6}{\376\377\000D\000e\000f\000i\000n\000i\000t\000i\000o\000n\000s\000l\000\374\000c\000k\000e\000n}{section.1}% 7
\BOOKMARK [2][-]{subsection.1.7}{\376\377\000R\000e\000k\000o\000n\000s\000t\000r\000u\000k\000t\000i\000o\000n}{section.1}% 8
\BOOKMARK [1][-]{section.2}{\376\377\000A\000n\000a\000l\000y\000t\000i\000s\000c\000h\000e\000\040\000G\000e\000o\000m\000e\000t\000r\000i\000e}{}% 9
\BOOKMARK [2][-]{subsection.2.1}{\376\377\000Z\000w\000e\000i\000-\000\040\000b\000z\000w\000.\000d\000r\000e\000i\000d\000i\000m\000e\000n\000s\000i\000o\000n\000a\000l\000e\000s\000\040\000K\000o\000o\000r\000d\000i\000n\000a\000t\000e\000n\000s\000y\000s\000t\000e\000m}{section.2}% 10
\BOOKMARK [2][-]{subsection.2.2}{\376\377\000V\000e\000k\000t\000o\000r\000e\000n\000\040\000i\000m\000\040\000A\000n\000s\000c\000h\000a\000u\000u\000n\000g\000s\000r\000a\000u\000m}{section.2}% 11
\BOOKMARK [2][-]{subsection.2.3}{\376\377\000A\000f\000f\000i\000n\000e\000\040\000G\000e\000o\000m\000e\000t\000r\000i\000e}{section.2}% 12
\BOOKMARK [2][-]{subsection.2.4}{\376\377\000M\000e\000t\000r\000i\000s\000c\000h\000e\000\040\000G\000e\000o\000m\000e\000t\000r\000i\000e}{section.2}% 13
\BOOKMARK [1][-]{section.3}{\376\377\000S\000t\000o\000c\000h\000a\000s\000t\000i\000k}{}% 14
\BOOKMARK [2][-]{subsection.3.1}{\376\377\000E\000i\000n\000f\000\374\000h\000r\000u\000n\000g\000\040\000i\000n\000\040\000d\000i\000e\000\040\000S\000t\000o\000c\000h\000a\000s\000t\000i\000k}{section.3}% 15
\BOOKMARK [2][-]{subsection.3.2}{\376\377\000Z\000u\000f\000a\000l\000l\000s\000g\000r\000\366\000\337\000e\000n\000\040\000u\000n\000d\000\040\000d\000e\000r\000e\000n\000\040\000W\000a\000h\000r\000s\000c\000h\000e\000i\000n\000l\000i\000c\000h\000k\000e\000i\000t\000s\000v\000e\000r\000t\000e\000i\000l\000u\000n\000g}{section.3}% 16
\BOOKMARK [2][-]{subsection.3.3}{\376\377\000B\000e\000r\000n\000o\000u\000l\000l\000i\000-\000K\000e\000t\000t\000e\000n\000\040\000u\000n\000d\000\040\000B\000i\000n\000o\000m\000i\000a\000l\000v\000e\000r\000t\000e\000i\000l\000u\000n\000g\000\040\000a\000l\000s\000\040\000s\000p\000e\000z\000i\000e\000l\000l\000e\000\040\000d\000i\000s\000k\000r\000e\000t\000e\000\040\000W\000a\000h\000r\000s\000c\000h\000e\000i\000n\000l\000i\000c\000h\000k\000e\000i\000t\000s\000v\000e\000r\000t\000e\000i\000l\000u\000n\000g}{section.3}% 17
\BOOKMARK [2][-]{subsection.3.4}{\376\377\000N\000o\000r\000m\000a\000l\000v\000e\000r\000t\000e\000i\000l\000u\000n\000g\000\040\000a\000l\000s\000\040\000s\000p\000e\000z\000i\000e\000l\000l\000e\000\040\000s\000t\000e\000t\000i\000g\000e\000\040\000W\000a\000h\000r\000s\000c\000h\000e\000i\000n\000l\000i\000c\000h\000k\000e\000i\000t\000s\000v\000e\000r\000t\000e\000i\000l\000u\000n\000g}{section.3}% 18
\BOOKMARK [2][-]{subsection.3.5}{\376\377\000B\000e\000d\000i\000n\000g\000t\000e\000\040\000W\000a\000h\000r\000s\000c\000h\000e\000i\000n\000l\000i\000c\000h\000k\000e\000i\000t\000e\000n}{section.3}% 19
\BOOKMARK [2][-]{subsection.3.6}{\376\377\000M\000e\000t\000h\000o\000d\000e\000n\000\040\000d\000e\000r\000\040\000b\000e\000u\000r\000t\000e\000i\000l\000e\000n\000d\000e\000n\000\040\000S\000t\000a\000t\000i\000s\000t\000i\000k}{section.3}% 20
